<?xml version="1.0" encoding="UTF-8"?>
<!-- Generated by org.testng.reporters.JUnitXMLReporter -->
<testsuite ignored="0" hostname="arun" failures="0" tests="4" name="Default test" time="29.524" errors="0" timestamp="2025-05-23T12:28:09 IST">
  <testcase classname="com.Admavin.project.GoogleMaps.GoogleMapsMapLoadTest" name="testMapLoadsSuccessfully" time="0.327"/>
  <testcase classname="com.Admavin.project.GoogleMaps.GoogleMapsMapLoadTest" name="testZoomAndPanControls" time="2.162"/>
  <testcase classname="com.Admavin.project.GoogleMaps.GoogleMapsMapLoadTest" name="testLocationSearch" time="3.293"/>
  <testcase classname="com.Admavin.project.GoogleMaps.GoogleMapsMapLoadTest" name="testMarkerIsShownAtCorrectLocation" time="3.405"/>
</testsuite> <!-- Default test -->
