<?xml version="1.0" encoding="UTF-8"?>
<!-- Generated by org.testng.reporters.JUnitXMLReporter -->
<testsuite ignored="0" hostname="arun" failures="0" tests="3" name="Default test" time="6.633" errors="0" timestamp="2025-05-22T10:32:26 IST">
  <testcase classname="com.Admavin.project.Todostest.TodoTest" name="addThreeTasks" time="0.598"/>
  <testcase classname="com.Admavin.project.Todostest.TodoTest" name="markSecondTaskCompleted" time="0.232"/>
  <testcase classname="com.Admavin.project.Todostest.TodoTest" name="deleteFirstTask" time="2.088"/>
</testsuite> <!-- Default test -->
