<?xml version="1.0" encoding="UTF-8"?>
<!-- Generated by org.testng.reporters.JUnitXMLReporter -->
<testsuite ignored="0" hostname="arun" failures="0" tests="3" name="TestName" time="4.761" errors="0" timestamp="2025-05-22T10:55:36 IST">
  <testcase classname="com.Admavin.project.Todostest.TodoTest" name="addThreeTasks" time="0.43"/>
  <testcase classname="com.Admavin.project.Todostest.TodoTest" name="markSecondTaskCompleted" time="0.207"/>
  <testcase classname="com.Admavin.project.Todostest.TodoTest" name="deleteFirstTask" time="1.479"/>
</testsuite> <!-- TestName -->
