<?xml version="1.0" encoding="UTF-8"?>
<testng-results ignored="0" total="3" passed="3" failed="0" skipped="0">
  <reporter-output>
  </reporter-output>
  <suite started-at="2025-05-22T10:55:31 IST" name="Suite" finished-at="2025-05-22T10:55:36 IST" duration-ms="4761">
    <groups>
    </groups>
    <test started-at="2025-05-22T10:55:31 IST" name="TestName" finished-at="2025-05-22T10:55:36 IST" duration-ms="4761">
      <class name="com.Admavin.project.Todostest.TodoTest">
        <test-method is-config="true" signature="setup()[pri:0, instance:com.Admavin.project.Todostest.TodoTest@4562e04d]" started-at="2025-05-22T10:55:31 IST" name="setup" finished-at="2025-05-22T10:55:33 IST" duration-ms="2288" status="PASS">
          <reporter-output>
          </reporter-output>
        </test-method> <!-- setup -->
        <test-method signature="addThreeTasks()[pri:1, instance:com.Admavin.project.Todostest.TodoTest@4562e04d]" started-at="2025-05-22T10:55:33 IST" name="addThreeTasks" finished-at="2025-05-22T10:55:34 IST" duration-ms="430" status="PASS">
          <reporter-output>
          </reporter-output>
        </test-method> <!-- addThreeTasks -->
        <test-method signature="markSecondTaskCompleted()[pri:2, instance:com.Admavin.project.Todostest.TodoTest@4562e04d]" started-at="2025-05-22T10:55:34 IST" name="markSecondTaskCompleted" finished-at="2025-05-22T10:55:34 IST" duration-ms="207" status="PASS">
          <reporter-output>
          </reporter-output>
        </test-method> <!-- markSecondTaskCompleted -->
        <test-method signature="deleteFirstTask()[pri:3, instance:com.Admavin.project.Todostest.TodoTest@4562e04d]" started-at="2025-05-22T10:55:34 IST" name="deleteFirstTask" finished-at="2025-05-22T10:55:35 IST" duration-ms="1479" status="PASS">
          <reporter-output>
          </reporter-output>
        </test-method> <!-- deleteFirstTask -->
        <test-method is-config="true" signature="teardown()[pri:0, instance:com.Admavin.project.Todostest.TodoTest@4562e04d]" started-at="2025-05-22T10:55:35 IST" name="teardown" finished-at="2025-05-22T10:55:36 IST" duration-ms="257" status="PASS">
          <reporter-output>
          </reporter-output>
        </test-method> <!-- teardown -->
      </class> <!-- com.Admavin.project.Todostest.TodoTest -->
    </test> <!-- TestName -->
  </suite> <!-- Suite -->
</testng-results>
