<?xml version="1.0" encoding="UTF-8"?>
<testng-results ignored="0" total="4" passed="4" failed="0" skipped="0">
  <reporter-output>
  </reporter-output>
  <suite started-at="2025-05-23T12:27:40 IST" name="Default suite" finished-at="2025-05-23T12:28:09 IST" duration-ms="29524">
    <groups>
    </groups>
    <test started-at="2025-05-23T12:27:40 IST" name="Default test" finished-at="2025-05-23T12:28:09 IST" duration-ms="29524">
      <class name="com.Admavin.project.GoogleMaps.GoogleMapsMapLoadTest">
        <test-method is-config="true" signature="setup()[pri:0, instance:com.Admavin.project.GoogleMaps.GoogleMapsMapLoadTest@6a400542]" started-at="2025-05-23T12:27:40 IST" name="setup" finished-at="2025-05-23T12:27:45 IST" duration-ms="5509" status="PASS">
          <reporter-output>
          </reporter-output>
        </test-method> <!-- setup -->
        <test-method signature="testMapLoadsSuccessfully()[pri:1, instance:com.Admavin.project.GoogleMaps.GoogleMapsMapLoadTest@6a400542]" started-at="2025-05-23T12:27:45 IST" name="testMapLoadsSuccessfully" finished-at="2025-05-23T12:27:45 IST" duration-ms="327" status="PASS">
          <reporter-output>
          </reporter-output>
        </test-method> <!-- testMapLoadsSuccessfully -->
        <test-method is-config="true" signature="tearDown()[pri:0, instance:com.Admavin.project.GoogleMaps.GoogleMapsMapLoadTest@6a400542]" started-at="2025-05-23T12:27:46 IST" name="tearDown" finished-at="2025-05-23T12:27:46 IST" duration-ms="494" status="PASS">
          <reporter-output>
          </reporter-output>
        </test-method> <!-- tearDown -->
        <test-method is-config="true" signature="setup()[pri:0, instance:com.Admavin.project.GoogleMaps.GoogleMapsMapLoadTest@6a400542]" started-at="2025-05-23T12:27:46 IST" name="setup" finished-at="2025-05-23T12:27:51 IST" duration-ms="4815" status="PASS">
          <reporter-output>
          </reporter-output>
        </test-method> <!-- setup -->
        <test-method signature="testZoomAndPanControls()[pri:2, instance:com.Admavin.project.GoogleMaps.GoogleMapsMapLoadTest@6a400542]" started-at="2025-05-23T12:27:51 IST" name="testZoomAndPanControls" finished-at="2025-05-23T12:27:53 IST" duration-ms="2162" status="PASS">
          <reporter-output>
          </reporter-output>
        </test-method> <!-- testZoomAndPanControls -->
        <test-method is-config="true" signature="tearDown()[pri:0, instance:com.Admavin.project.GoogleMaps.GoogleMapsMapLoadTest@6a400542]" started-at="2025-05-23T12:27:53 IST" name="tearDown" finished-at="2025-05-23T12:27:53 IST" duration-ms="453" status="PASS">
          <reporter-output>
          </reporter-output>
        </test-method> <!-- tearDown -->
        <test-method is-config="true" signature="setup()[pri:0, instance:com.Admavin.project.GoogleMaps.GoogleMapsMapLoadTest@6a400542]" started-at="2025-05-23T12:27:53 IST" name="setup" finished-at="2025-05-23T12:27:58 IST" duration-ms="4360" status="PASS">
          <reporter-output>
          </reporter-output>
        </test-method> <!-- setup -->
        <test-method signature="testLocationSearch()[pri:3, instance:com.Admavin.project.GoogleMaps.GoogleMapsMapLoadTest@6a400542]" started-at="2025-05-23T12:27:58 IST" name="testLocationSearch" finished-at="2025-05-23T12:28:01 IST" duration-ms="3293" status="PASS">
          <reporter-output>
          </reporter-output>
        </test-method> <!-- testLocationSearch -->
        <test-method is-config="true" signature="tearDown()[pri:0, instance:com.Admavin.project.GoogleMaps.GoogleMapsMapLoadTest@6a400542]" started-at="2025-05-23T12:28:01 IST" name="tearDown" finished-at="2025-05-23T12:28:01 IST" duration-ms="382" status="PASS">
          <reporter-output>
          </reporter-output>
        </test-method> <!-- tearDown -->
        <test-method is-config="true" signature="setup()[pri:0, instance:com.Admavin.project.GoogleMaps.GoogleMapsMapLoadTest@6a400542]" started-at="2025-05-23T12:28:01 IST" name="setup" finished-at="2025-05-23T12:28:05 IST" duration-ms="3898" status="PASS">
          <reporter-output>
          </reporter-output>
        </test-method> <!-- setup -->
        <test-method signature="testMarkerIsShownAtCorrectLocation()[pri:4, instance:com.Admavin.project.GoogleMaps.GoogleMapsMapLoadTest@6a400542]" started-at="2025-05-23T12:28:05 IST" name="testMarkerIsShownAtCorrectLocation" finished-at="2025-05-23T12:28:09 IST" duration-ms="3405" status="PASS">
          <reporter-output>
          </reporter-output>
        </test-method> <!-- testMarkerIsShownAtCorrectLocation -->
        <test-method is-config="true" signature="tearDown()[pri:0, instance:com.Admavin.project.GoogleMaps.GoogleMapsMapLoadTest@6a400542]" started-at="2025-05-23T12:28:09 IST" name="tearDown" finished-at="2025-05-23T12:28:09 IST" duration-ms="355" status="PASS">
          <reporter-output>
          </reporter-output>
        </test-method> <!-- tearDown -->
      </class> <!-- com.Admavin.project.GoogleMaps.GoogleMapsMapLoadTest -->
    </test> <!-- Default test -->
  </suite> <!-- Default suite -->
</testng-results>
